<?xml version="1.0" encoding="UTF-8"?>
<testsuite xmlns:xsi="http://www.w3.org/2001/XMLSchema-instance" xsi:noNamespaceSchemaLocation="https://maven.apache.org/surefire/maven-surefire-plugin/xsd/surefire-test-report-3.0.xsd" version="3.0" name="arrayshashing.validanagram.ValidAnagramTest" time="0.035" tests="3" errors="0" skipped="0" failures="0">
  <properties>
[...]
</properties>
  <testcase name="notAnagram" classname="arrayshashing.validanagram.ValidAnagramTest" time="0.014"/>
  <testcase name="isAnagram" classname="arrayshashing.validanagram.ValidAnagramTest" time="0.0"/>
  <testcase name="differentLengths" classname="arrayshashing.validanagram.ValidAnagramTest" time="0.001"/>
</testsuite>